\BOOKMARK [0][]{chapter*.1}{Acknowledgements}{}% 1
\BOOKMARK [0][]{chapter*.2}{Abstract}{}% 2
\BOOKMARK [0][]{chapter.1}{1 Introduction}{}% 3
\BOOKMARK [0][]{chapter.2}{2 Theoretical Basis}{}% 4
\BOOKMARK [1][-]{section.2.1}{2.1 Background Theory}{chapter.2}% 5
\BOOKMARK [1][-]{section.2.2}{2.2 Literature Review}{chapter.2}% 6
\BOOKMARK [0][]{chapter.3}{3 Proposed System and Objectives}{}% 7
\BOOKMARK [1][-]{section.3.1}{3.1 Proposed System Overview}{chapter.3}% 8
\BOOKMARK [1][-]{section.3.2}{3.2 Objectives}{chapter.3}% 9
\BOOKMARK [0][]{chapter.4}{4 Implementation and Results}{}% 10
\BOOKMARK [1][-]{section.4.1}{4.1 Transmission and Reception}{chapter.4}% 11
\BOOKMARK [2][-]{subsection.4.1.1}{4.1.1 Hardware}{section.4.1}% 12
\BOOKMARK [2][-]{subsection.4.1.2}{4.1.2 Transceiver Setup}{section.4.1}% 13
\BOOKMARK [2][-]{subsection.4.1.3}{4.1.3 Transmitter}{section.4.1}% 14
\BOOKMARK [2][-]{subsection.4.1.4}{4.1.4 Reception}{section.4.1}% 15
\BOOKMARK [1][-]{section.4.2}{4.2 Optical Transmission}{chapter.4}% 16
\BOOKMARK [2][-]{subsection.4.2.1}{4.2.1 SOA Board}{section.4.2}% 17
\BOOKMARK [2][-]{subsection.4.2.2}{4.2.2 Heatsink and Mount}{section.4.2}% 18
\BOOKMARK [0][]{chapter.5}{5 Conclusion}{}% 19
\BOOKMARK [0][]{chapter*.36}{Bibliography}{}% 20
\BOOKMARK [0][]{appendix.U}{A Transceiver Settings}{}% 21
